17:24:01 **** Incremental Build of configuration Debug for project mdp_hardware ****
make -j16 all 
arm-none-eabi-gcc "../Core/Src/main.c" -mcpu=cortex-m4 -std=gnu11 -g3 -DDEBUG -DUSE_HAL_DRIVER -DSTM32F407xx -c -I../Core/Inc -I"C:/Users/kenne/STM32CubeIDE/MDP/mdp_hardware/PeripheralDriver/Inc" -IC:/Users/kenne/STM32Cube/Repository/STM32Cube_FW_F4_V1.27.1/Drivers/STM32F4xx_HAL_Driver/Inc -IC:/Users/kenne/STM32Cube/Repository/STM32Cube_FW_F4_V1.27.1/Drivers/STM32F4xx_HAL_Driver/Inc/Legacy -IC:/Users/kenne/STM32Cube/Repository/STM32Cube_FW_F4_V1.27.1/Middlewares/Third_Party/FreeRTOS/Source/include -IC:/Users/kenne/STM32Cube/Repository/STM32Cube_FW_F4_V1.27.1/Middlewares/Third_Party/FreeRTOS/Source/CMSIS_RTOS_V2 -IC:/Users/kenne/STM32Cube/Repository/STM32Cube_FW_F4_V1.27.1/Middlewares/Third_Party/FreeRTOS/Source/portable/GCC/ARM_CM4F -IC:/Users/kenne/STM32Cube/Repository/STM32Cube_FW_F4_V1.27.1/Drivers/CMSIS/Device/ST/STM32F4xx/Include -IC:/Users/kenne/STM32Cube/Repository/STM32Cube_FW_F4_V1.27.1/Drivers/CMSIS/Include -O0 -ffunction-sections -fdata-sections -Wall -fstack-usage -MMD -MP -MF"Core/Src/main.d" -MT"Core/Src/main.o" --specs=nano.specs -mfpu=fpv4-sp-d16 -mfloat-abi=hard -mthumb -o "Core/Src/main.o"
../Core/Src/main.c: In function 'motor':
../Core/Src/main.c:801:14: warning: pointer targets in passing argument 1 of 'sprintf' differ in signedness [-Wpointer-sign]
  801 |      sprintf(hello, "Dir %c : %d\0", frontback, fb_speed - 48);
      |              ^~~~~
      |              |
      |              uint8_t * {aka unsigned char *}
In file included from ../Core/Src/main.c:28:
c:\st\stm32cubeide_1.7.0\stm32cubeide\plugins\com.st.stm32cube.ide.mcu.externaltools.gnu-tools-for-stm32.10.3-2021.10.win32_1.0.100.202210260954\tools\arm-none-eabi\include\stdio.h:244:14: note: expected 'char * restrict' but argument is of type 'uint8_t *' {aka 'unsigned char *'}
  244 | int sprintf (char *__restrict, const char *__restrict, ...)
      |              ^
../Core/Src/main.c:801:33: warning: embedded '\0' in format [-Wformat-contains-nul]
  801 |      sprintf(hello, "Dir %c : %d\0", frontback, fb_speed - 48);
      |                                 ^~
../Core/Src/main.c:804:14: warning: pointer targets in passing argument 1 of 'sprintf' differ in signedness [-Wpointer-sign]
  804 |      sprintf(hello, "Turn %c: %d\0", leftright, lr_speed - 48);
      |              ^~~~~
      |              |
      |              uint8_t * {aka unsigned char *}
In file included from ../Core/Src/main.c:28:
c:\st\stm32cubeide_1.7.0\stm32cubeide\plugins\com.st.stm32cube.ide.mcu.externaltools.gnu-tools-for-stm32.10.3-2021.10.win32_1.0.100.202210260954\tools\arm-none-eabi\include\stdio.h:244:14: note: expected 'char * restrict' but argument is of type 'uint8_t *' {aka 'unsigned char *'}
  244 | int sprintf (char *__restrict, const char *__restrict, ...)
      |              ^
../Core/Src/main.c:804:33: warning: embedded '\0' in format [-Wformat-contains-nul]
  804 |      sprintf(hello, "Turn %c: %d\0", leftright, lr_speed - 48);
      |                                 ^~
../Core/Src/main.c: In function 'encoder_task':
../Core/Src/main.c:966:12: warning: pointer targets in passing argument 1 of 'sprintf' differ in signedness [-Wpointer-sign]
  966 |    sprintf(msg, "Diff : %3d\0", encoder_offset);
      |            ^~~
      |            |
      |            uint8_t * {aka unsigned char *}
In file included from ../Core/Src/main.c:28:
c:\st\stm32cubeide_1.7.0\stm32cubeide\plugins\com.st.stm32cube.ide.mcu.externaltools.gnu-tools-for-stm32.10.3-2021.10.win32_1.0.100.202210260954\tools\arm-none-eabi\include\stdio.h:244:14: note: expected 'char * restrict' but argument is of type 'uint8_t *' {aka 'unsigned char *'}
  244 | int sprintf (char *__restrict, const char *__restrict, ...)
      |              ^
../Core/Src/main.c:966:28: warning: embedded '\0' in format [-Wformat-contains-nul]
  966 |    sprintf(msg, "Diff : %3d\0", encoder_offset);
      |                            ^~
../Core/Src/main.c: In function 'gyro_task':
../Core/Src/main.c:1013:13: warning: pointer targets in passing argument 1 of 'sprintf' differ in signedness [-Wpointer-sign]
 1013 |     sprintf(msg, "gyro : %3d\0", (int)curAngle);
      |             ^~~
      |             |
      |             uint8_t * {aka unsigned char *}
In file included from ../Core/Src/main.c:28:
c:\st\stm32cubeide_1.7.0\stm32cubeide\plugins\com.st.stm32cube.ide.mcu.externaltools.gnu-tools-for-stm32.10.3-2021.10.win32_1.0.100.202210260954\tools\arm-none-eabi\include\stdio.h:244:14: note: expected 'char * restrict' but argument is of type 'uint8_t *' {aka 'unsigned char *'}
  244 | int sprintf (char *__restrict, const char *__restrict, ...)
      |              ^
../Core/Src/main.c:1013:29: warning: embedded '\0' in format [-Wformat-contains-nul]
 1013 |     sprintf(msg, "gyro : %3d\0", (int)curAngle);
      |                             ^~
../Core/Src/main.c:1034:13: warning: pointer targets in passing argument 1 of 'sprintf' differ in signedness [-Wpointer-sign]
 1034 |     sprintf(msg, "gyro : %3d\0", (int)curAngle);
      |             ^~~
      |             |
      |             uint8_t * {aka unsigned char *}
In file included from ../Core/Src/main.c:28:
c:\st\stm32cubeide_1.7.0\stm32cubeide\plugins\com.st.stm32cube.ide.mcu.externaltools.gnu-tools-for-stm32.10.3-2021.10.win32_1.0.100.202210260954\tools\arm-none-eabi\include\stdio.h:244:14: note: expected 'char * restrict' but argument is of type 'uint8_t *' {aka 'unsigned char *'}
  244 | int sprintf (char *__restrict, const char *__restrict, ...)
      |              ^
../Core/Src/main.c:1034:29: warning: embedded '\0' in format [-Wformat-contains-nul]
 1034 |     sprintf(msg, "gyro : %3d\0", (int)curAngle);
      |                             ^~
../Core/Src/main.c:1034:26: warning: '%3d' directive writing between 3 and 11 bytes into a region of size 1 [-Wformat-overflow=]
 1034 |     sprintf(msg, "gyro : %3d\0", (int)curAngle);
      |                          ^~~
../Core/Src/main.c:1034:5: note: 'sprintf' output between 11 and 19 bytes into a destination of size 8
 1034 |     sprintf(msg, "gyro : %3d\0", (int)curAngle);
      |     ^~~~~~~~~~~~~~~~~~~~~~~~~~~~~~~~~~~~~~~~~~~
../Core/Src/main.c:1013:26: warning: '%3d' directive writing between 3 and 11 bytes into a region of size 1 [-Wformat-overflow=]
 1013 |     sprintf(msg, "gyro : %3d\0", (int)curAngle);
      |                          ^~~
../Core/Src/main.c:1013:5: note: 'sprintf' output between 11 and 19 bytes into a destination of size 8
 1013 |     sprintf(msg, "gyro : %3d\0", (int)curAngle);
      |     ^~~~~~~~~~~~~~~~~~~~~~~~~~~~~~~~~~~~~~~~~~~
arm-none-eabi-gcc -o "mdp_hardware.elf" @"objects.list"   -mcpu=cortex-m4 -T"C:\Users\kenne\STM32CubeIDE\MDP\mdp_hardware\STM32F407VETX_FLASH.ld" --specs=nosys.specs -Wl,-Map="mdp_hardware.map" -Wl,--gc-sections -static --specs=nano.specs -mfpu=fpv4-sp-d16 -mfloat-abi=hard -mthumb -Wl,--start-group -lc -lm -Wl,--end-group
Finished building target: mdp_hardware.elf
 
arm-none-eabi-size   mdp_hardware.elf 
arm-none-eabi-objdump -h -S  mdp_hardware.elf  > "mdp_hardware.list"
arm-none-eabi-objcopy  -O ihex  mdp_hardware.elf  "mdp_hardware.hex"
   text	   data	    bss	    dec	    hex	filename
  43292	    136	  21936	  65364	   ff54	mdp_hardware.elf
Finished building: default.size.stdout
 
Finished building: mdp_hardware.hex
 
Finished building: mdp_hardware.list
 
17:24:05 **** Incremental Build of configuration Debug for project mdp_hardware ****
make -j16 all 
arm-none-eabi-size   mdp_hardware.elf 
   text	   data	    bss	    dec	    hex	filename
  43292	    136	  21936	  65364	   ff54	mdp_hardware.elf
Finished building: default.size.stdout
 
17:24:51 **** Incremental Build of configuration Debug for project mdp_hardware ****
make -j16 all 
arm-none-eabi-gcc "../Core/Src/main.c" -mcpu=cortex-m4 -std=gnu11 -g3 -DDEBUG -DUSE_HAL_DRIVER -DSTM32F407xx -c -I../Core/Inc -I"C:/Users/kenne/STM32CubeIDE/MDP/mdp_hardware/PeripheralDriver/Inc" -IC:/Users/kenne/STM32Cube/Repository/STM32Cube_FW_F4_V1.27.1/Drivers/STM32F4xx_HAL_Driver/Inc -IC:/Users/kenne/STM32Cube/Repository/STM32Cube_FW_F4_V1.27.1/Drivers/STM32F4xx_HAL_Driver/Inc/Legacy -IC:/Users/kenne/STM32Cube/Repository/STM32Cube_FW_F4_V1.27.1/Middlewares/Third_Party/FreeRTOS/Source/include -IC:/Users/kenne/STM32Cube/Repository/STM32Cube_FW_F4_V1.27.1/Middlewares/Third_Party/FreeRTOS/Source/CMSIS_RTOS_V2 -IC:/Users/kenne/STM32Cube/Repository/STM32Cube_FW_F4_V1.27.1/Middlewares/Third_Party/FreeRTOS/Source/portable/GCC/ARM_CM4F -IC:/Users/kenne/STM32Cube/Repository/STM32Cube_FW_F4_V1.27.1/Drivers/CMSIS/Device/ST/STM32F4xx/Include -IC:/Users/kenne/STM32Cube/Repository/STM32Cube_FW_F4_V1.27.1/Drivers/CMSIS/Include -O0 -ffunction-sections -fdata-sections -Wall -fstack-usage -MMD -MP -MF"Core/Src/main.d" -MT"Core/Src/main.o" --specs=nano.specs -mfpu=fpv4-sp-d16 -mfloat-abi=hard -mthumb -o "Core/Src/main.o"
../Core/Src/main.c: In function 'motor':
../Core/Src/main.c:801:14: warning: pointer targets in passing argument 1 of 'sprintf' differ in signedness [-Wpointer-sign]
  801 |      sprintf(hello, "Dir %c : %d\0", frontback, fb_speed - 48);
      |              ^~~~~
      |              |
      |              uint8_t * {aka unsigned char *}
In file included from ../Core/Src/main.c:28:
c:\st\stm32cubeide_1.7.0\stm32cubeide\plugins\com.st.stm32cube.ide.mcu.externaltools.gnu-tools-for-stm32.10.3-2021.10.win32_1.0.100.202210260954\tools\arm-none-eabi\include\stdio.h:244:14: note: expected 'char * restrict' but argument is of type 'uint8_t *' {aka 'unsigned char *'}
  244 | int sprintf (char *__restrict, const char *__restrict, ...)
      |              ^
../Core/Src/main.c:801:33: warning: embedded '\0' in format [-Wformat-contains-nul]
  801 |      sprintf(hello, "Dir %c : %d\0", frontback, fb_speed - 48);
      |                                 ^~
../Core/Src/main.c:804:14: warning: pointer targets in passing argument 1 of 'sprintf' differ in signedness [-Wpointer-sign]
  804 |      sprintf(hello, "Turn %c: %d\0", leftright, lr_speed - 48);
      |              ^~~~~
      |              |
      |              uint8_t * {aka unsigned char *}
In file included from ../Core/Src/main.c:28:
c:\st\stm32cubeide_1.7.0\stm32cubeide\plugins\com.st.stm32cube.ide.mcu.externaltools.gnu-tools-for-stm32.10.3-2021.10.win32_1.0.100.202210260954\tools\arm-none-eabi\include\stdio.h:244:14: note: expected 'char * restrict' but argument is of type 'uint8_t *' {aka 'unsigned char *'}
  244 | int sprintf (char *__restrict, const char *__restrict, ...)
      |              ^
../Core/Src/main.c:804:33: warning: embedded '\0' in format [-Wformat-contains-nul]
  804 |      sprintf(hello, "Turn %c: %d\0", leftright, lr_speed - 48);
      |                                 ^~
../Core/Src/main.c: In function 'encoder_task':
../Core/Src/main.c:966:12: warning: pointer targets in passing argument 1 of 'sprintf' differ in signedness [-Wpointer-sign]
  966 |    sprintf(msg, "Diff : %3d\0", encoder_offset);
      |            ^~~
      |            |
      |            uint8_t * {aka unsigned char *}
In file included from ../Core/Src/main.c:28:
c:\st\stm32cubeide_1.7.0\stm32cubeide\plugins\com.st.stm32cube.ide.mcu.externaltools.gnu-tools-for-stm32.10.3-2021.10.win32_1.0.100.202210260954\tools\arm-none-eabi\include\stdio.h:244:14: note: expected 'char * restrict' but argument is of type 'uint8_t *' {aka 'unsigned char *'}
  244 | int sprintf (char *__restrict, const char *__restrict, ...)
      |              ^
../Core/Src/main.c:966:28: warning: embedded '\0' in format [-Wformat-contains-nul]
  966 |    sprintf(msg, "Diff : %3d\0", encoder_offset);
      |                            ^~
../Core/Src/main.c: In function 'gyro_task':
../Core/Src/main.c:1013:13: warning: pointer targets in passing argument 1 of 'sprintf' differ in signedness [-Wpointer-sign]
 1013 |     sprintf(msg, "gyro : %3d\0", (int)curAngle);
      |             ^~~
      |             |
      |             uint8_t * {aka unsigned char *}
In file included from ../Core/Src/main.c:28:
c:\st\stm32cubeide_1.7.0\stm32cubeide\plugins\com.st.stm32cube.ide.mcu.externaltools.gnu-tools-for-stm32.10.3-2021.10.win32_1.0.100.202210260954\tools\arm-none-eabi\include\stdio.h:244:14: note: expected 'char * restrict' but argument is of type 'uint8_t *' {aka 'unsigned char *'}
  244 | int sprintf (char *__restrict, const char *__restrict, ...)
      |              ^
../Core/Src/main.c:1013:29: warning: embedded '\0' in format [-Wformat-contains-nul]
 1013 |     sprintf(msg, "gyro : %3d\0", (int)curAngle);
      |                             ^~
../Core/Src/main.c:1034:13: warning: pointer targets in passing argument 1 of 'sprintf' differ in signedness [-Wpointer-sign]
 1034 |     sprintf(msg, "gyro : %3d\0", (int)curAngle);
      |             ^~~
      |             |
      |             uint8_t * {aka unsigned char *}
In file included from ../Core/Src/main.c:28:
c:\st\stm32cubeide_1.7.0\stm32cubeide\plugins\com.st.stm32cube.ide.mcu.externaltools.gnu-tools-for-stm32.10.3-2021.10.win32_1.0.100.202210260954\tools\arm-none-eabi\include\stdio.h:244:14: note: expected 'char * restrict' but argument is of type 'uint8_t *' {aka 'unsigned char *'}
  244 | int sprintf (char *__restrict, const char *__restrict, ...)
      |              ^
../Core/Src/main.c:1034:29: warning: embedded '\0' in format [-Wformat-contains-nul]
 1034 |     sprintf(msg, "gyro : %3d\0", (int)curAngle);
      |                             ^~
../Core/Src/main.c:1034:26: warning: '%3d' directive writing between 3 and 11 bytes into a region of size 1 [-Wformat-overflow=]
 1034 |     sprintf(msg, "gyro : %3d\0", (int)curAngle);
      |                          ^~~
../Core/Src/main.c:1034:5: note: 'sprintf' output between 11 and 19 bytes into a destination of size 8
 1034 |     sprintf(msg, "gyro : %3d\0", (int)curAngle);
      |     ^~~~~~~~~~~~~~~~~~~~~~~~~~~~~~~~~~~~~~~~~~~
../Core/Src/main.c:1013:26: warning: '%3d' directive writing between 3 and 11 bytes into a region of size 1 [-Wformat-overflow=]
 1013 |     sprintf(msg, "gyro : %3d\0", (int)curAngle);
      |                          ^~~
../Core/Src/main.c:1013:5: note: 'sprintf' output between 11 and 19 bytes into a destination of size 8
 1013 |     sprintf(msg, "gyro : %3d\0", (int)curAngle);
      |     ^~~~~~~~~~~~~~~~~~~~~~~~~~~~~~~~~~~~~~~~~~~
arm-none-eabi-gcc -o "mdp_hardware.elf" @"objects.list"   -mcpu=cortex-m4 -T"C:\Users\kenne\STM32CubeIDE\MDP\mdp_hardware\STM32F407VETX_FLASH.ld" --specs=nosys.specs -Wl,-Map="mdp_hardware.map" -Wl,--gc-sections -static --specs=nano.specs -mfpu=fpv4-sp-d16 -mfloat-abi=hard -mthumb -Wl,--start-group -lc -lm -Wl,--end-group
Finished building target: mdp_hardware.elf
 
arm-none-eabi-size   mdp_hardware.elf 
arm-none-eabi-objdump -h -S  mdp_hardware.elf  > "mdp_hardware.list"
arm-none-eabi-objcopy  -O ihex  mdp_hardware.elf  "mdp_hardware.hex"
   text	   data	    bss	    dec	    hex	filename
  43292	    136	  21936	  65364	   ff54	mdp_hardware.elf
Finished building: default.size.stdout
 
Finished building: mdp_hardware.hex
 
Finished building: mdp_hardware.list
 
17:25:49 **** Incremental Build of configuration Debug for project mdp_hardware ****
make -j16 all 
arm-none-eabi-gcc "../Core/Src/main.c" -mcpu=cortex-m4 -std=gnu11 -g3 -DDEBUG -DUSE_HAL_DRIVER -DSTM32F407xx -c -I../Core/Inc -I"C:/Users/kenne/STM32CubeIDE/MDP/mdp_hardware/PeripheralDriver/Inc" -IC:/Users/kenne/STM32Cube/Repository/STM32Cube_FW_F4_V1.27.1/Drivers/STM32F4xx_HAL_Driver/Inc -IC:/Users/kenne/STM32Cube/Repository/STM32Cube_FW_F4_V1.27.1/Drivers/STM32F4xx_HAL_Driver/Inc/Legacy -IC:/Users/kenne/STM32Cube/Repository/STM32Cube_FW_F4_V1.27.1/Middlewares/Third_Party/FreeRTOS/Source/include -IC:/Users/kenne/STM32Cube/Repository/STM32Cube_FW_F4_V1.27.1/Middlewares/Third_Party/FreeRTOS/Source/CMSIS_RTOS_V2 -IC:/Users/kenne/STM32Cube/Repository/STM32Cube_FW_F4_V1.27.1/Middlewares/Third_Party/FreeRTOS/Source/portable/GCC/ARM_CM4F -IC:/Users/kenne/STM32Cube/Repository/STM32Cube_FW_F4_V1.27.1/Drivers/CMSIS/Device/ST/STM32F4xx/Include -IC:/Users/kenne/STM32Cube/Repository/STM32Cube_FW_F4_V1.27.1/Drivers/CMSIS/Include -O0 -ffunction-sections -fdata-sections -Wall -fstack-usage -MMD -MP -MF"Core/Src/main.d" -MT"Core/Src/main.o" --specs=nano.specs -mfpu=fpv4-sp-d16 -mfloat-abi=hard -mthumb -o "Core/Src/main.o"
../Core/Src/main.c: In function 'motor':
../Core/Src/main.c:801:14: warning: pointer targets in passing argument 1 of 'sprintf' differ in signedness [-Wpointer-sign]
  801 |      sprintf(hello, "Dir %c : %d\0", frontback, fb_speed - 48);
      |              ^~~~~
      |              |
      |              uint8_t * {aka unsigned char *}
In file included from ../Core/Src/main.c:28:
c:\st\stm32cubeide_1.7.0\stm32cubeide\plugins\com.st.stm32cube.ide.mcu.externaltools.gnu-tools-for-stm32.10.3-2021.10.win32_1.0.100.202210260954\tools\arm-none-eabi\include\stdio.h:244:14: note: expected 'char * restrict' but argument is of type 'uint8_t *' {aka 'unsigned char *'}
  244 | int sprintf (char *__restrict, const char *__restrict, ...)
      |              ^
../Core/Src/main.c:801:33: warning: embedded '\0' in format [-Wformat-contains-nul]
  801 |      sprintf(hello, "Dir %c : %d\0", frontback, fb_speed - 48);
      |                                 ^~
../Core/Src/main.c:804:14: warning: pointer targets in passing argument 1 of 'sprintf' differ in signedness [-Wpointer-sign]
  804 |      sprintf(hello, "Turn %c: %d\0", leftright, lr_speed - 48);
      |              ^~~~~
      |              |
      |              uint8_t * {aka unsigned char *}
In file included from ../Core/Src/main.c:28:
c:\st\stm32cubeide_1.7.0\stm32cubeide\plugins\com.st.stm32cube.ide.mcu.externaltools.gnu-tools-for-stm32.10.3-2021.10.win32_1.0.100.202210260954\tools\arm-none-eabi\include\stdio.h:244:14: note: expected 'char * restrict' but argument is of type 'uint8_t *' {aka 'unsigned char *'}
  244 | int sprintf (char *__restrict, const char *__restrict, ...)
      |              ^
../Core/Src/main.c:804:33: warning: embedded '\0' in format [-Wformat-contains-nul]
  804 |      sprintf(hello, "Turn %c: %d\0", leftright, lr_speed - 48);
      |                                 ^~
../Core/Src/main.c: In function 'encoder_task':
../Core/Src/main.c:966:12: warning: pointer targets in passing argument 1 of 'sprintf' differ in signedness [-Wpointer-sign]
  966 |    sprintf(msg, "Diff : %3d\0", encoder_offset);
      |            ^~~
      |            |
      |            uint8_t * {aka unsigned char *}
In file included from ../Core/Src/main.c:28:
c:\st\stm32cubeide_1.7.0\stm32cubeide\plugins\com.st.stm32cube.ide.mcu.externaltools.gnu-tools-for-stm32.10.3-2021.10.win32_1.0.100.202210260954\tools\arm-none-eabi\include\stdio.h:244:14: note: expected 'char * restrict' but argument is of type 'uint8_t *' {aka 'unsigned char *'}
  244 | int sprintf (char *__restrict, const char *__restrict, ...)
      |              ^
../Core/Src/main.c:966:28: warning: embedded '\0' in format [-Wformat-contains-nul]
  966 |    sprintf(msg, "Diff : %3d\0", encoder_offset);
      |                            ^~
../Core/Src/main.c: In function 'gyro_task':
../Core/Src/main.c:1013:13: warning: pointer targets in passing argument 1 of 'sprintf' differ in signedness [-Wpointer-sign]
 1013 |     sprintf(msg, "gyro : %3d\0", (int)curAngle);
      |             ^~~
      |             |
      |             uint8_t * {aka unsigned char *}
In file included from ../Core/Src/main.c:28:
c:\st\stm32cubeide_1.7.0\stm32cubeide\plugins\com.st.stm32cube.ide.mcu.externaltools.gnu-tools-for-stm32.10.3-2021.10.win32_1.0.100.202210260954\tools\arm-none-eabi\include\stdio.h:244:14: note: expected 'char * restrict' but argument is of type 'uint8_t *' {aka 'unsigned char *'}
  244 | int sprintf (char *__restrict, const char *__restrict, ...)
      |              ^
../Core/Src/main.c:1013:29: warning: embedded '\0' in format [-Wformat-contains-nul]
 1013 |     sprintf(msg, "gyro : %3d\0", (int)curAngle);
      |                             ^~
../Core/Src/main.c:1034:13: warning: pointer targets in passing argument 1 of 'sprintf' differ in signedness [-Wpointer-sign]
 1034 |     sprintf(msg, "gyro : %3d\0", (int)curAngle);
      |             ^~~
      |             |
      |             uint8_t * {aka unsigned char *}
In file included from ../Core/Src/main.c:28:
c:\st\stm32cubeide_1.7.0\stm32cubeide\plugins\com.st.stm32cube.ide.mcu.externaltools.gnu-tools-for-stm32.10.3-2021.10.win32_1.0.100.202210260954\tools\arm-none-eabi\include\stdio.h:244:14: note: expected 'char * restrict' but argument is of type 'uint8_t *' {aka 'unsigned char *'}
  244 | int sprintf (char *__restrict, const char *__restrict, ...)
      |              ^
../Core/Src/main.c:1034:29: warning: embedded '\0' in format [-Wformat-contains-nul]
 1034 |     sprintf(msg, "gyro : %3d\0", (int)curAngle);
      |                             ^~
../Core/Src/main.c:1034:26: warning: '%3d' directive writing between 3 and 11 bytes into a region of size 1 [-Wformat-overflow=]
 1034 |     sprintf(msg, "gyro : %3d\0", (int)curAngle);
      |                          ^~~
../Core/Src/main.c:1034:5: note: 'sprintf' output between 11 and 19 bytes into a destination of size 8
 1034 |     sprintf(msg, "gyro : %3d\0", (int)curAngle);
      |     ^~~~~~~~~~~~~~~~~~~~~~~~~~~~~~~~~~~~~~~~~~~
../Core/Src/main.c:1013:26: warning: '%3d' directive writing between 3 and 11 bytes into a region of size 1 [-Wformat-overflow=]
 1013 |     sprintf(msg, "gyro : %3d\0", (int)curAngle);
      |                          ^~~
../Core/Src/main.c:1013:5: note: 'sprintf' output between 11 and 19 bytes into a destination of size 8
 1013 |     sprintf(msg, "gyro : %3d\0", (int)curAngle);
      |     ^~~~~~~~~~~~~~~~~~~~~~~~~~~~~~~~~~~~~~~~~~~
arm-none-eabi-gcc -o "mdp_hardware.elf" @"objects.list"   -mcpu=cortex-m4 -T"C:\Users\kenne\STM32CubeIDE\MDP\mdp_hardware\STM32F407VETX_FLASH.ld" --specs=nosys.specs -Wl,-Map="mdp_hardware.map" -Wl,--gc-sections -static --specs=nano.specs -mfpu=fpv4-sp-d16 -mfloat-abi=hard -mthumb -Wl,--start-group -lc -lm -Wl,--end-group
Finished building target: mdp_hardware.elf
 
arm-none-eabi-size   mdp_hardware.elf 
arm-none-eabi-objdump -h -S  mdp_hardware.elf  > "mdp_hardware.list"
arm-none-eabi-objcopy  -O ihex  mdp_hardware.elf  "mdp_hardware.hex"
   text	   data	    bss	    dec	    hex	filename
  43292	    136	  21936	  65364	   ff54	mdp_hardware.elf
Finished building: default.size.stdout
 
Finished building: mdp_hardware.hex
 
Finished building: mdp_hardware.list
 
17:32:03 **** Incremental Build of configuration Debug for project mdp_hardware ****
make -j16 all 
arm-none-eabi-gcc "../Core/Src/main.c" -mcpu=cortex-m4 -std=gnu11 -g3 -DDEBUG -DUSE_HAL_DRIVER -DSTM32F407xx -c -I../Core/Inc -I"C:/Users/kenne/STM32CubeIDE/MDP/mdp_hardware/PeripheralDriver/Inc" -IC:/Users/kenne/STM32Cube/Repository/STM32Cube_FW_F4_V1.27.1/Drivers/STM32F4xx_HAL_Driver/Inc -IC:/Users/kenne/STM32Cube/Repository/STM32Cube_FW_F4_V1.27.1/Drivers/STM32F4xx_HAL_Driver/Inc/Legacy -IC:/Users/kenne/STM32Cube/Repository/STM32Cube_FW_F4_V1.27.1/Middlewares/Third_Party/FreeRTOS/Source/include -IC:/Users/kenne/STM32Cube/Repository/STM32Cube_FW_F4_V1.27.1/Middlewares/Third_Party/FreeRTOS/Source/CMSIS_RTOS_V2 -IC:/Users/kenne/STM32Cube/Repository/STM32Cube_FW_F4_V1.27.1/Middlewares/Third_Party/FreeRTOS/Source/portable/GCC/ARM_CM4F -IC:/Users/kenne/STM32Cube/Repository/STM32Cube_FW_F4_V1.27.1/Drivers/CMSIS/Device/ST/STM32F4xx/Include -IC:/Users/kenne/STM32Cube/Repository/STM32Cube_FW_F4_V1.27.1/Drivers/CMSIS/Include -O0 -ffunction-sections -fdata-sections -Wall -fstack-usage -MMD -MP -MF"Core/Src/main.d" -MT"Core/Src/main.o" --specs=nano.specs -mfpu=fpv4-sp-d16 -mfloat-abi=hard -mthumb -o "Core/Src/main.o"
../Core/Src/main.c: In function 'motor':
../Core/Src/main.c:801:14: warning: pointer targets in passing argument 1 of 'sprintf' differ in signedness [-Wpointer-sign]
  801 |      sprintf(hello, "Dir %c : %d\0", frontback, fb_speed - 48);
      |              ^~~~~
      |              |
      |              uint8_t * {aka unsigned char *}
In file included from ../Core/Src/main.c:28:
c:\st\stm32cubeide_1.7.0\stm32cubeide\plugins\com.st.stm32cube.ide.mcu.externaltools.gnu-tools-for-stm32.10.3-2021.10.win32_1.0.100.202210260954\tools\arm-none-eabi\include\stdio.h:244:14: note: expected 'char * restrict' but argument is of type 'uint8_t *' {aka 'unsigned char *'}
  244 | int sprintf (char *__restrict, const char *__restrict, ...)
      |              ^
../Core/Src/main.c:801:33: warning: embedded '\0' in format [-Wformat-contains-nul]
  801 |      sprintf(hello, "Dir %c : %d\0", frontback, fb_speed - 48);
      |                                 ^~
../Core/Src/main.c:804:14: warning: pointer targets in passing argument 1 of 'sprintf' differ in signedness [-Wpointer-sign]
  804 |      sprintf(hello, "Turn %c: %d\0", leftright, lr_speed - 48);
      |              ^~~~~
      |              |
      |              uint8_t * {aka unsigned char *}
In file included from ../Core/Src/main.c:28:
c:\st\stm32cubeide_1.7.0\stm32cubeide\plugins\com.st.stm32cube.ide.mcu.externaltools.gnu-tools-for-stm32.10.3-2021.10.win32_1.0.100.202210260954\tools\arm-none-eabi\include\stdio.h:244:14: note: expected 'char * restrict' but argument is of type 'uint8_t *' {aka 'unsigned char *'}
  244 | int sprintf (char *__restrict, const char *__restrict, ...)
      |              ^
../Core/Src/main.c:804:33: warning: embedded '\0' in format [-Wformat-contains-nul]
  804 |      sprintf(hello, "Turn %c: %d\0", leftright, lr_speed - 48);
      |                                 ^~
../Core/Src/main.c: In function 'encoder_task':
../Core/Src/main.c:966:12: warning: pointer targets in passing argument 1 of 'sprintf' differ in signedness [-Wpointer-sign]
  966 |    sprintf(msg, "Diff : %3d\0", encoder_offset);
      |            ^~~
      |            |
      |            uint8_t * {aka unsigned char *}
In file included from ../Core/Src/main.c:28:
c:\st\stm32cubeide_1.7.0\stm32cubeide\plugins\com.st.stm32cube.ide.mcu.externaltools.gnu-tools-for-stm32.10.3-2021.10.win32_1.0.100.202210260954\tools\arm-none-eabi\include\stdio.h:244:14: note: expected 'char * restrict' but argument is of type 'uint8_t *' {aka 'unsigned char *'}
  244 | int sprintf (char *__restrict, const char *__restrict, ...)
      |              ^
../Core/Src/main.c:966:28: warning: embedded '\0' in format [-Wformat-contains-nul]
  966 |    sprintf(msg, "Diff : %3d\0", encoder_offset);
      |                            ^~
../Core/Src/main.c: In function 'gyro_task':
../Core/Src/main.c:1013:13: warning: pointer targets in passing argument 1 of 'sprintf' differ in signedness [-Wpointer-sign]
 1013 |     sprintf(msg, "gyro : %3d\0", (int)curAngle);
      |             ^~~
      |             |
      |             uint8_t * {aka unsigned char *}
In file included from ../Core/Src/main.c:28:
c:\st\stm32cubeide_1.7.0\stm32cubeide\plugins\com.st.stm32cube.ide.mcu.externaltools.gnu-tools-for-stm32.10.3-2021.10.win32_1.0.100.202210260954\tools\arm-none-eabi\include\stdio.h:244:14: note: expected 'char * restrict' but argument is of type 'uint8_t *' {aka 'unsigned char *'}
  244 | int sprintf (char *__restrict, const char *__restrict, ...)
      |              ^
../Core/Src/main.c:1013:29: warning: embedded '\0' in format [-Wformat-contains-nul]
 1013 |     sprintf(msg, "gyro : %3d\0", (int)curAngle);
      |                             ^~
../Core/Src/main.c:1034:13: warning: pointer targets in passing argument 1 of 'sprintf' differ in signedness [-Wpointer-sign]
 1034 |     sprintf(msg, "gyro : %3d\0", (int)curAngle);
      |             ^~~
      |             |
      |             uint8_t * {aka unsigned char *}
In file included from ../Core/Src/main.c:28:
c:\st\stm32cubeide_1.7.0\stm32cubeide\plugins\com.st.stm32cube.ide.mcu.externaltools.gnu-tools-for-stm32.10.3-2021.10.win32_1.0.100.202210260954\tools\arm-none-eabi\include\stdio.h:244:14: note: expected 'char * restrict' but argument is of type 'uint8_t *' {aka 'unsigned char *'}
  244 | int sprintf (char *__restrict, const char *__restrict, ...)
      |              ^
../Core/Src/main.c:1034:29: warning: embedded '\0' in format [-Wformat-contains-nul]
 1034 |     sprintf(msg, "gyro : %3d\0", (int)curAngle);
      |                             ^~
../Core/Src/main.c:1034:26: warning: '%3d' directive writing between 3 and 11 bytes into a region of size 1 [-Wformat-overflow=]
 1034 |     sprintf(msg, "gyro : %3d\0", (int)curAngle);
      |                          ^~~
../Core/Src/main.c:1034:5: note: 'sprintf' output between 11 and 19 bytes into a destination of size 8
 1034 |     sprintf(msg, "gyro : %3d\0", (int)curAngle);
      |     ^~~~~~~~~~~~~~~~~~~~~~~~~~~~~~~~~~~~~~~~~~~
../Core/Src/main.c:1013:26: warning: '%3d' directive writing between 3 and 11 bytes into a region of size 1 [-Wformat-overflow=]
 1013 |     sprintf(msg, "gyro : %3d\0", (int)curAngle);
      |                          ^~~
../Core/Src/main.c:1013:5: note: 'sprintf' output between 11 and 19 bytes into a destination of size 8
 1013 |     sprintf(msg, "gyro : %3d\0", (int)curAngle);
      |     ^~~~~~~~~~~~~~~~~~~~~~~~~~~~~~~~~~~~~~~~~~~
arm-none-eabi-gcc -o "mdp_hardware.elf" @"objects.list"   -mcpu=cortex-m4 -T"C:\Users\kenne\STM32CubeIDE\MDP\mdp_hardware\STM32F407VETX_FLASH.ld" --specs=nosys.specs -Wl,-Map="mdp_hardware.map" -Wl,--gc-sections -static --specs=nano.specs -mfpu=fpv4-sp-d16 -mfloat-abi=hard -mthumb -Wl,--start-group -lc -lm -Wl,--end-group
Finished building target: mdp_hardware.elf
 
arm-none-eabi-size   mdp_hardware.elf 
arm-none-eabi-objdump -h -S  mdp_hardware.elf  > "mdp_hardware.list"
arm-none-eabi-objcopy  -O ihex  mdp_hardware.elf  "mdp_hardware.hex"
   text	   data	    bss	    dec	    hex	filename
  43292	    136	  21936	  65364	   ff54	mdp_hardware.elf
Finished building: default.size.stdout
 
Finished building: mdp_hardware.hex
 
Finished building: mdp_hardware.list
 
17:38:21 **** Incremental Build of configuration Debug for project mdp_hardware ****
make -j16 all 
arm-none-eabi-gcc "../Core/Src/main.c" -mcpu=cortex-m4 -std=gnu11 -g3 -DDEBUG -DUSE_HAL_DRIVER -DSTM32F407xx -c -I../Core/Inc -I"C:/Users/kenne/STM32CubeIDE/MDP/mdp_hardware/PeripheralDriver/Inc" -IC:/Users/kenne/STM32Cube/Repository/STM32Cube_FW_F4_V1.27.1/Drivers/STM32F4xx_HAL_Driver/Inc -IC:/Users/kenne/STM32Cube/Repository/STM32Cube_FW_F4_V1.27.1/Drivers/STM32F4xx_HAL_Driver/Inc/Legacy -IC:/Users/kenne/STM32Cube/Repository/STM32Cube_FW_F4_V1.27.1/Middlewares/Third_Party/FreeRTOS/Source/include -IC:/Users/kenne/STM32Cube/Repository/STM32Cube_FW_F4_V1.27.1/Middlewares/Third_Party/FreeRTOS/Source/CMSIS_RTOS_V2 -IC:/Users/kenne/STM32Cube/Repository/STM32Cube_FW_F4_V1.27.1/Middlewares/Third_Party/FreeRTOS/Source/portable/GCC/ARM_CM4F -IC:/Users/kenne/STM32Cube/Repository/STM32Cube_FW_F4_V1.27.1/Drivers/CMSIS/Device/ST/STM32F4xx/Include -IC:/Users/kenne/STM32Cube/Repository/STM32Cube_FW_F4_V1.27.1/Drivers/CMSIS/Include -O0 -ffunction-sections -fdata-sections -Wall -fstack-usage -MMD -MP -MF"Core/Src/main.d" -MT"Core/Src/main.o" --specs=nano.specs -mfpu=fpv4-sp-d16 -mfloat-abi=hard -mthumb -o "Core/Src/main.o"
../Core/Src/main.c: In function 'motor':
../Core/Src/main.c:804:14: warning: pointer targets in passing argument 1 of 'sprintf' differ in signedness [-Wpointer-sign]
  804 |      sprintf(hello, "Dir %c : %d\0", frontback, fb_speed - 48);
      |              ^~~~~
      |              |
      |              uint8_t * {aka unsigned char *}
In file included from ../Core/Src/main.c:28:
c:\st\stm32cubeide_1.7.0\stm32cubeide\plugins\com.st.stm32cube.ide.mcu.externaltools.gnu-tools-for-stm32.10.3-2021.10.win32_1.0.100.202210260954\tools\arm-none-eabi\include\stdio.h:244:14: note: expected 'char * restrict' but argument is of type 'uint8_t *' {aka 'unsigned char *'}
  244 | int sprintf (char *__restrict, const char *__restrict, ...)
      |              ^
../Core/Src/main.c:804:33: warning: embedded '\0' in format [-Wformat-contains-nul]
  804 |      sprintf(hello, "Dir %c : %d\0", frontback, fb_speed - 48);
      |                                 ^~
../Core/Src/main.c:807:14: warning: pointer targets in passing argument 1 of 'sprintf' differ in signedness [-Wpointer-sign]
  807 |      sprintf(hello, "Turn %c: %d\0", leftright, lr_speed - 48);
      |              ^~~~~
      |              |
      |              uint8_t * {aka unsigned char *}
In file included from ../Core/Src/main.c:28:
c:\st\stm32cubeide_1.7.0\stm32cubeide\plugins\com.st.stm32cube.ide.mcu.externaltools.gnu-tools-for-stm32.10.3-2021.10.win32_1.0.100.202210260954\tools\arm-none-eabi\include\stdio.h:244:14: note: expected 'char * restrict' but argument is of type 'uint8_t *' {aka 'unsigned char *'}
  244 | int sprintf (char *__restrict, const char *__restrict, ...)
      |              ^
../Core/Src/main.c:807:33: warning: embedded '\0' in format [-Wformat-contains-nul]
  807 |      sprintf(hello, "Turn %c: %d\0", leftright, lr_speed - 48);
      |                                 ^~
../Core/Src/main.c: In function 'encoder_task':
../Core/Src/main.c:969:12: warning: pointer targets in passing argument 1 of 'sprintf' differ in signedness [-Wpointer-sign]
  969 |    sprintf(msg, "Diff : %3d\0", encoder_offset);
      |            ^~~
      |            |
      |            uint8_t * {aka unsigned char *}
In file included from ../Core/Src/main.c:28:
c:\st\stm32cubeide_1.7.0\stm32cubeide\plugins\com.st.stm32cube.ide.mcu.externaltools.gnu-tools-for-stm32.10.3-2021.10.win32_1.0.100.202210260954\tools\arm-none-eabi\include\stdio.h:244:14: note: expected 'char * restrict' but argument is of type 'uint8_t *' {aka 'unsigned char *'}
  244 | int sprintf (char *__restrict, const char *__restrict, ...)
      |              ^
../Core/Src/main.c:969:28: warning: embedded '\0' in format [-Wformat-contains-nul]
  969 |    sprintf(msg, "Diff : %3d\0", encoder_offset);
      |                            ^~
../Core/Src/main.c: In function 'gyro_task':
../Core/Src/main.c:1016:13: warning: pointer targets in passing argument 1 of 'sprintf' differ in signedness [-Wpointer-sign]
 1016 |     sprintf(msg, "gyro : %3d\0", (int)curAngle);
      |             ^~~
      |             |
      |             uint8_t * {aka unsigned char *}
In file included from ../Core/Src/main.c:28:
c:\st\stm32cubeide_1.7.0\stm32cubeide\plugins\com.st.stm32cube.ide.mcu.externaltools.gnu-tools-for-stm32.10.3-2021.10.win32_1.0.100.202210260954\tools\arm-none-eabi\include\stdio.h:244:14: note: expected 'char * restrict' but argument is of type 'uint8_t *' {aka 'unsigned char *'}
  244 | int sprintf (char *__restrict, const char *__restrict, ...)
      |              ^
../Core/Src/main.c:1016:29: warning: embedded '\0' in format [-Wformat-contains-nul]
 1016 |     sprintf(msg, "gyro : %3d\0", (int)curAngle);
      |                             ^~
../Core/Src/main.c:1040:13: warning: pointer targets in passing argument 1 of 'sprintf' differ in signedness [-Wpointer-sign]
 1040 |     sprintf(msg, "gyro : %3d\0", (int)curAngle);
      |             ^~~
      |             |
      |             uint8_t * {aka unsigned char *}
In file included from ../Core/Src/main.c:28:
c:\st\stm32cubeide_1.7.0\stm32cubeide\plugins\com.st.stm32cube.ide.mcu.externaltools.gnu-tools-for-stm32.10.3-2021.10.win32_1.0.100.202210260954\tools\arm-none-eabi\include\stdio.h:244:14: note: expected 'char * restrict' but argument is of type 'uint8_t *' {aka 'unsigned char *'}
  244 | int sprintf (char *__restrict, const char *__restrict, ...)
      |              ^
../Core/Src/main.c:1040:29: warning: embedded '\0' in format [-Wformat-contains-nul]
 1040 |     sprintf(msg, "gyro : %3d\0", (int)curAngle);
      |                             ^~
../Core/Src/main.c:1040:26: warning: '%3d' directive writing between 3 and 11 bytes into a region of size 1 [-Wformat-overflow=]
 1040 |     sprintf(msg, "gyro : %3d\0", (int)curAngle);
      |                          ^~~
../Core/Src/main.c:1040:5: note: 'sprintf' output between 11 and 19 bytes into a destination of size 8
 1040 |     sprintf(msg, "gyro : %3d\0", (int)curAngle);
      |     ^~~~~~~~~~~~~~~~~~~~~~~~~~~~~~~~~~~~~~~~~~~
../Core/Src/main.c:1016:26: warning: '%3d' directive writing between 3 and 11 bytes into a region of size 1 [-Wformat-overflow=]
 1016 |     sprintf(msg, "gyro : %3d\0", (int)curAngle);
      |                          ^~~
../Core/Src/main.c:1016:5: note: 'sprintf' output between 11 and 19 bytes into a destination of size 8
 1016 |     sprintf(msg, "gyro : %3d\0", (int)curAngle);
      |     ^~~~~~~~~~~~~~~~~~~~~~~~~~~~~~~~~~~~~~~~~~~
arm-none-eabi-gcc -o "mdp_hardware.elf" @"objects.list"   -mcpu=cortex-m4 -T"C:\Users\kenne\STM32CubeIDE\MDP\mdp_hardware\STM32F407VETX_FLASH.ld" --specs=nosys.specs -Wl,-Map="mdp_hardware.map" -Wl,--gc-sections -static --specs=nano.specs -mfpu=fpv4-sp-d16 -mfloat-abi=hard -mthumb -Wl,--start-group -lc -lm -Wl,--end-group
Finished building target: mdp_hardware.elf
 
arm-none-eabi-size   mdp_hardware.elf 
arm-none-eabi-objdump -h -S  mdp_hardware.elf  > "mdp_hardware.list"
arm-none-eabi-objcopy  -O ihex  mdp_hardware.elf  "mdp_hardware.hex"
   text	   data	    bss	    dec	    hex	filename
  43628	    136	  21936	  65700	  100a4	mdp_hardware.elf
Finished building: default.size.stdout
 
Finished building: mdp_hardware.hex
 
Finished building: mdp_hardware.list
 
17:40:45 **** Incremental Build of configuration Debug for project mdp_hardware ****
make -j16 all 
arm-none-eabi-gcc "../Core/Src/main.c" -mcpu=cortex-m4 -std=gnu11 -g3 -DDEBUG -DUSE_HAL_DRIVER -DSTM32F407xx -c -I../Core/Inc -I"C:/Users/kenne/STM32CubeIDE/MDP/mdp_hardware/PeripheralDriver/Inc" -IC:/Users/kenne/STM32Cube/Repository/STM32Cube_FW_F4_V1.27.1/Drivers/STM32F4xx_HAL_Driver/Inc -IC:/Users/kenne/STM32Cube/Repository/STM32Cube_FW_F4_V1.27.1/Drivers/STM32F4xx_HAL_Driver/Inc/Legacy -IC:/Users/kenne/STM32Cube/Repository/STM32Cube_FW_F4_V1.27.1/Middlewares/Third_Party/FreeRTOS/Source/include -IC:/Users/kenne/STM32Cube/Repository/STM32Cube_FW_F4_V1.27.1/Middlewares/Third_Party/FreeRTOS/Source/CMSIS_RTOS_V2 -IC:/Users/kenne/STM32Cube/Repository/STM32Cube_FW_F4_V1.27.1/Middlewares/Third_Party/FreeRTOS/Source/portable/GCC/ARM_CM4F -IC:/Users/kenne/STM32Cube/Repository/STM32Cube_FW_F4_V1.27.1/Drivers/CMSIS/Device/ST/STM32F4xx/Include -IC:/Users/kenne/STM32Cube/Repository/STM32Cube_FW_F4_V1.27.1/Drivers/CMSIS/Include -O0 -ffunction-sections -fdata-sections -Wall -fstack-usage -MMD -MP -MF"Core/Src/main.d" -MT"Core/Src/main.o" --specs=nano.specs -mfpu=fpv4-sp-d16 -mfloat-abi=hard -mthumb -o "Core/Src/main.o"
../Core/Src/main.c: In function 'motor':
../Core/Src/main.c:804:14: warning: pointer targets in passing argument 1 of 'sprintf' differ in signedness [-Wpointer-sign]
  804 |      sprintf(hello, "Dir %c : %d\0", frontback, fb_speed - 48);
      |              ^~~~~
      |              |
      |              uint8_t * {aka unsigned char *}
In file included from ../Core/Src/main.c:28:
c:\st\stm32cubeide_1.7.0\stm32cubeide\plugins\com.st.stm32cube.ide.mcu.externaltools.gnu-tools-for-stm32.10.3-2021.10.win32_1.0.100.202210260954\tools\arm-none-eabi\include\stdio.h:244:14: note: expected 'char * restrict' but argument is of type 'uint8_t *' {aka 'unsigned char *'}
  244 | int sprintf (char *__restrict, const char *__restrict, ...)
      |              ^
../Core/Src/main.c:804:33: warning: embedded '\0' in format [-Wformat-contains-nul]
  804 |      sprintf(hello, "Dir %c : %d\0", frontback, fb_speed - 48);
      |                                 ^~
../Core/Src/main.c:807:14: warning: pointer targets in passing argument 1 of 'sprintf' differ in signedness [-Wpointer-sign]
  807 |      sprintf(hello, "Turn %c: %d\0", leftright, lr_speed - 48);
      |              ^~~~~
      |              |
      |              uint8_t * {aka unsigned char *}
In file included from ../Core/Src/main.c:28:
c:\st\stm32cubeide_1.7.0\stm32cubeide\plugins\com.st.stm32cube.ide.mcu.externaltools.gnu-tools-for-stm32.10.3-2021.10.win32_1.0.100.202210260954\tools\arm-none-eabi\include\stdio.h:244:14: note: expected 'char * restrict' but argument is of type 'uint8_t *' {aka 'unsigned char *'}
  244 | int sprintf (char *__restrict, const char *__restrict, ...)
      |              ^
../Core/Src/main.c:807:33: warning: embedded '\0' in format [-Wformat-contains-nul]
  807 |      sprintf(hello, "Turn %c: %d\0", leftright, lr_speed - 48);
      |                                 ^~
../Core/Src/main.c: In function 'encoder_task':
../Core/Src/main.c:967:12: warning: pointer targets in passing argument 1 of 'sprintf' differ in signedness [-Wpointer-sign]
  967 |    sprintf(msg, "Diff : %3d\0", encoder_offset);
      |            ^~~
      |            |
      |            uint8_t * {aka unsigned char *}
In file included from ../Core/Src/main.c:28:
c:\st\stm32cubeide_1.7.0\stm32cubeide\plugins\com.st.stm32cube.ide.mcu.externaltools.gnu-tools-for-stm32.10.3-2021.10.win32_1.0.100.202210260954\tools\arm-none-eabi\include\stdio.h:244:14: note: expected 'char * restrict' but argument is of type 'uint8_t *' {aka 'unsigned char *'}
  244 | int sprintf (char *__restrict, const char *__restrict, ...)
      |              ^
../Core/Src/main.c:967:28: warning: embedded '\0' in format [-Wformat-contains-nul]
  967 |    sprintf(msg, "Diff : %3d\0", encoder_offset);
      |                            ^~
../Core/Src/main.c: In function 'gyro_task':
../Core/Src/main.c:1014:13: warning: pointer targets in passing argument 1 of 'sprintf' differ in signedness [-Wpointer-sign]
 1014 |     sprintf(msg, "gyro : %3d\0", (int)curAngle);
      |             ^~~
      |             |
      |             uint8_t * {aka unsigned char *}
In file included from ../Core/Src/main.c:28:
c:\st\stm32cubeide_1.7.0\stm32cubeide\plugins\com.st.stm32cube.ide.mcu.externaltools.gnu-tools-for-stm32.10.3-2021.10.win32_1.0.100.202210260954\tools\arm-none-eabi\include\stdio.h:244:14: note: expected 'char * restrict' but argument is of type 'uint8_t *' {aka 'unsigned char *'}
  244 | int sprintf (char *__restrict, const char *__restrict, ...)
      |              ^
../Core/Src/main.c:1014:29: warning: embedded '\0' in format [-Wformat-contains-nul]
 1014 |     sprintf(msg, "gyro : %3d\0", (int)curAngle);
      |                             ^~
../Core/Src/main.c:1038:13: warning: pointer targets in passing argument 1 of 'sprintf' differ in signedness [-Wpointer-sign]
 1038 |     sprintf(msg, "gyro : %3d\0", (int)curAngle);
      |             ^~~
      |             |
      |             uint8_t * {aka unsigned char *}
In file included from ../Core/Src/main.c:28:
c:\st\stm32cubeide_1.7.0\stm32cubeide\plugins\com.st.stm32cube.ide.mcu.externaltools.gnu-tools-for-stm32.10.3-2021.10.win32_1.0.100.202210260954\tools\arm-none-eabi\include\stdio.h:244:14: note: expected 'char * restrict' but argument is of type 'uint8_t *' {aka 'unsigned char *'}
  244 | int sprintf (char *__restrict, const char *__restrict, ...)
      |              ^
../Core/Src/main.c:1038:29: warning: embedded '\0' in format [-Wformat-contains-nul]
 1038 |     sprintf(msg, "gyro : %3d\0", (int)curAngle);
      |                             ^~
../Core/Src/main.c:1038:26: warning: '%3d' directive writing between 3 and 11 bytes into a region of size 1 [-Wformat-overflow=]
 1038 |     sprintf(msg, "gyro : %3d\0", (int)curAngle);
      |                          ^~~
../Core/Src/main.c:1038:5: note: 'sprintf' output between 11 and 19 bytes into a destination of size 8
 1038 |     sprintf(msg, "gyro : %3d\0", (int)curAngle);
      |     ^~~~~~~~~~~~~~~~~~~~~~~~~~~~~~~~~~~~~~~~~~~
../Core/Src/main.c:1014:26: warning: '%3d' directive writing between 3 and 11 bytes into a region of size 1 [-Wformat-overflow=]
 1014 |     sprintf(msg, "gyro : %3d\0", (int)curAngle);
      |                          ^~~
../Core/Src/main.c:1014:5: note: 'sprintf' output between 11 and 19 bytes into a destination of size 8
 1014 |     sprintf(msg, "gyro : %3d\0", (int)curAngle);
      |     ^~~~~~~~~~~~~~~~~~~~~~~~~~~~~~~~~~~~~~~~~~~
arm-none-eabi-gcc -o "mdp_hardware.elf" @"objects.list"   -mcpu=cortex-m4 -T"C:\Users\kenne\STM32CubeIDE\MDP\mdp_hardware\STM32F407VETX_FLASH.ld" --specs=nosys.specs -Wl,-Map="mdp_hardware.map" -Wl,--gc-sections -static --specs=nano.specs -mfpu=fpv4-sp-d16 -mfloat-abi=hard -mthumb -Wl,--start-group -lc -lm -Wl,--end-group
Finished building target: mdp_hardware.elf
 
arm-none-eabi-size   mdp_hardware.elf 
arm-none-eabi-objdump -h -S  mdp_hardware.elf  > "mdp_hardware.list"
arm-none-eabi-objcopy  -O ihex  mdp_hardware.elf  "mdp_hardware.hex"
   text	   data	    bss	    dec	    hex	filename
  43580	    136	  21936	  65652	  10074	mdp_hardware.elf
Finished building: default.size.stdout
 
Finished building: mdp_hardware.hex
 
Finished building: mdp_hardware.list
 
17:42:40 **** Incremental Build of configuration Debug for project mdp_hardware ****
make -j16 all 
arm-none-eabi-gcc "../Core/Src/main.c" -mcpu=cortex-m4 -std=gnu11 -g3 -DDEBUG -DUSE_HAL_DRIVER -DSTM32F407xx -c -I../Core/Inc -I"C:/Users/kenne/STM32CubeIDE/MDP/mdp_hardware/PeripheralDriver/Inc" -IC:/Users/kenne/STM32Cube/Repository/STM32Cube_FW_F4_V1.27.1/Drivers/STM32F4xx_HAL_Driver/Inc -IC:/Users/kenne/STM32Cube/Repository/STM32Cube_FW_F4_V1.27.1/Drivers/STM32F4xx_HAL_Driver/Inc/Legacy -IC:/Users/kenne/STM32Cube/Repository/STM32Cube_FW_F4_V1.27.1/Middlewares/Third_Party/FreeRTOS/Source/include -IC:/Users/kenne/STM32Cube/Repository/STM32Cube_FW_F4_V1.27.1/Middlewares/Third_Party/FreeRTOS/Source/CMSIS_RTOS_V2 -IC:/Users/kenne/STM32Cube/Repository/STM32Cube_FW_F4_V1.27.1/Middlewares/Third_Party/FreeRTOS/Source/portable/GCC/ARM_CM4F -IC:/Users/kenne/STM32Cube/Repository/STM32Cube_FW_F4_V1.27.1/Drivers/CMSIS/Device/ST/STM32F4xx/Include -IC:/Users/kenne/STM32Cube/Repository/STM32Cube_FW_F4_V1.27.1/Drivers/CMSIS/Include -O0 -ffunction-sections -fdata-sections -Wall -fstack-usage -MMD -MP -MF"Core/Src/main.d" -MT"Core/Src/main.o" --specs=nano.specs -mfpu=fpv4-sp-d16 -mfloat-abi=hard -mthumb -o "Core/Src/main.o"
../Core/Src/main.c: In function 'motor':
../Core/Src/main.c:804:14: warning: pointer targets in passing argument 1 of 'sprintf' differ in signedness [-Wpointer-sign]
  804 |      sprintf(hello, "Dir %c : %d\0", frontback, fb_speed - 48);
      |              ^~~~~
      |              |
      |              uint8_t * {aka unsigned char *}
In file included from ../Core/Src/main.c:28:
c:\st\stm32cubeide_1.7.0\stm32cubeide\plugins\com.st.stm32cube.ide.mcu.externaltools.gnu-tools-for-stm32.10.3-2021.10.win32_1.0.100.202210260954\tools\arm-none-eabi\include\stdio.h:244:14: note: expected 'char * restrict' but argument is of type 'uint8_t *' {aka 'unsigned char *'}
  244 | int sprintf (char *__restrict, const char *__restrict, ...)
      |              ^
../Core/Src/main.c:804:33: warning: embedded '\0' in format [-Wformat-contains-nul]
  804 |      sprintf(hello, "Dir %c : %d\0", frontback, fb_speed - 48);
      |                                 ^~
../Core/Src/main.c:807:14: warning: pointer targets in passing argument 1 of 'sprintf' differ in signedness [-Wpointer-sign]
  807 |      sprintf(hello, "Turn %c: %d\0", leftright, lr_speed - 48);
      |              ^~~~~
      |              |
      |              uint8_t * {aka unsigned char *}
In file included from ../Core/Src/main.c:28:
c:\st\stm32cubeide_1.7.0\stm32cubeide\plugins\com.st.stm32cube.ide.mcu.externaltools.gnu-tools-for-stm32.10.3-2021.10.win32_1.0.100.202210260954\tools\arm-none-eabi\include\stdio.h:244:14: note: expected 'char * restrict' but argument is of type 'uint8_t *' {aka 'unsigned char *'}
  244 | int sprintf (char *__restrict, const char *__restrict, ...)
      |              ^
../Core/Src/main.c:807:33: warning: embedded '\0' in format [-Wformat-contains-nul]
  807 |      sprintf(hello, "Turn %c: %d\0", leftright, lr_speed - 48);
      |                                 ^~
../Core/Src/main.c: In function 'encoder_task':
../Core/Src/main.c:967:12: warning: pointer targets in passing argument 1 of 'sprintf' differ in signedness [-Wpointer-sign]
  967 |    sprintf(msg, "Diff : %3d\0", encoder_offset);
      |            ^~~
      |            |
      |            uint8_t * {aka unsigned char *}
In file included from ../Core/Src/main.c:28:
c:\st\stm32cubeide_1.7.0\stm32cubeide\plugins\com.st.stm32cube.ide.mcu.externaltools.gnu-tools-for-stm32.10.3-2021.10.win32_1.0.100.202210260954\tools\arm-none-eabi\include\stdio.h:244:14: note: expected 'char * restrict' but argument is of type 'uint8_t *' {aka 'unsigned char *'}
  244 | int sprintf (char *__restrict, const char *__restrict, ...)
      |              ^
../Core/Src/main.c:967:28: warning: embedded '\0' in format [-Wformat-contains-nul]
  967 |    sprintf(msg, "Diff : %3d\0", encoder_offset);
      |                            ^~
../Core/Src/main.c: In function 'gyro_task':
../Core/Src/main.c:1014:13: warning: pointer targets in passing argument 1 of 'sprintf' differ in signedness [-Wpointer-sign]
 1014 |     sprintf(msg, "gyro : %3d\0", (int)curAngle);
      |             ^~~
      |             |
      |             uint8_t * {aka unsigned char *}
In file included from ../Core/Src/main.c:28:
c:\st\stm32cubeide_1.7.0\stm32cubeide\plugins\com.st.stm32cube.ide.mcu.externaltools.gnu-tools-for-stm32.10.3-2021.10.win32_1.0.100.202210260954\tools\arm-none-eabi\include\stdio.h:244:14: note: expected 'char * restrict' but argument is of type 'uint8_t *' {aka 'unsigned char *'}
  244 | int sprintf (char *__restrict, const char *__restrict, ...)
      |              ^
../Core/Src/main.c:1014:29: warning: embedded '\0' in format [-Wformat-contains-nul]
 1014 |     sprintf(msg, "gyro : %3d\0", (int)curAngle);
      |                             ^~
../Core/Src/main.c:1038:13: warning: pointer targets in passing argument 1 of 'sprintf' differ in signedness [-Wpointer-sign]
 1038 |     sprintf(msg, "gyro : %3d\0", (int)curAngle);
      |             ^~~
      |             |
      |             uint8_t * {aka unsigned char *}
In file included from ../Core/Src/main.c:28:
c:\st\stm32cubeide_1.7.0\stm32cubeide\plugins\com.st.stm32cube.ide.mcu.externaltools.gnu-tools-for-stm32.10.3-2021.10.win32_1.0.100.202210260954\tools\arm-none-eabi\include\stdio.h:244:14: note: expected 'char * restrict' but argument is of type 'uint8_t *' {aka 'unsigned char *'}
  244 | int sprintf (char *__restrict, const char *__restrict, ...)
      |              ^
../Core/Src/main.c:1038:29: warning: embedded '\0' in format [-Wformat-contains-nul]
 1038 |     sprintf(msg, "gyro : %3d\0", (int)curAngle);
      |                             ^~
../Core/Src/main.c:1038:26: warning: '%3d' directive writing between 3 and 11 bytes into a region of size 1 [-Wformat-overflow=]
 1038 |     sprintf(msg, "gyro : %3d\0", (int)curAngle);
      |                          ^~~
../Core/Src/main.c:1038:5: note: 'sprintf' output between 11 and 19 bytes into a destination of size 8
 1038 |     sprintf(msg, "gyro : %3d\0", (int)curAngle);
      |     ^~~~~~~~~~~~~~~~~~~~~~~~~~~~~~~~~~~~~~~~~~~
../Core/Src/main.c:1014:26: warning: '%3d' directive writing between 3 and 11 bytes into a region of size 1 [-Wformat-overflow=]
 1014 |     sprintf(msg, "gyro : %3d\0", (int)curAngle);
      |                          ^~~
../Core/Src/main.c:1014:5: note: 'sprintf' output between 11 and 19 bytes into a destination of size 8
 1014 |     sprintf(msg, "gyro : %3d\0", (int)curAngle);
      |     ^~~~~~~~~~~~~~~~~~~~~~~~~~~~~~~~~~~~~~~~~~~
arm-none-eabi-gcc -o "mdp_hardware.elf" @"objects.list"   -mcpu=cortex-m4 -T"C:\Users\kenne\STM32CubeIDE\MDP\mdp_hardware\STM32F407VETX_FLASH.ld" --specs=nosys.specs -Wl,-Map="mdp_hardware.map" -Wl,--gc-sections -static --specs=nano.specs -mfpu=fpv4-sp-d16 -mfloat-abi=hard -mthumb -Wl,--start-group -lc -lm -Wl,--end-group
Finished building target: mdp_hardware.elf
 
arm-none-eabi-size   mdp_hardware.elf 
arm-none-eabi-objdump -h -S  mdp_hardware.elf  > "mdp_hardware.list"
arm-none-eabi-objcopy  -O ihex  mdp_hardware.elf  "mdp_hardware.hex"
   text	   data	    bss	    dec	    hex	filename
  43244	    136	  21936	  65316	   ff24	mdp_hardware.elf
Finished building: default.size.stdout
 
Finished building: mdp_hardware.hex
 
Finished building: mdp_hardware.list
 
17:44:37 **** Incremental Build of configuration Debug for project mdp_hardware ****
make -j16 all 
arm-none-eabi-gcc "../Core/Src/main.c" -mcpu=cortex-m4 -std=gnu11 -g3 -DDEBUG -DUSE_HAL_DRIVER -DSTM32F407xx -c -I../Core/Inc -I"C:/Users/kenne/STM32CubeIDE/MDP/mdp_hardware/PeripheralDriver/Inc" -IC:/Users/kenne/STM32Cube/Repository/STM32Cube_FW_F4_V1.27.1/Drivers/STM32F4xx_HAL_Driver/Inc -IC:/Users/kenne/STM32Cube/Repository/STM32Cube_FW_F4_V1.27.1/Drivers/STM32F4xx_HAL_Driver/Inc/Legacy -IC:/Users/kenne/STM32Cube/Repository/STM32Cube_FW_F4_V1.27.1/Middlewares/Third_Party/FreeRTOS/Source/include -IC:/Users/kenne/STM32Cube/Repository/STM32Cube_FW_F4_V1.27.1/Middlewares/Third_Party/FreeRTOS/Source/CMSIS_RTOS_V2 -IC:/Users/kenne/STM32Cube/Repository/STM32Cube_FW_F4_V1.27.1/Middlewares/Third_Party/FreeRTOS/Source/portable/GCC/ARM_CM4F -IC:/Users/kenne/STM32Cube/Repository/STM32Cube_FW_F4_V1.27.1/Drivers/CMSIS/Device/ST/STM32F4xx/Include -IC:/Users/kenne/STM32Cube/Repository/STM32Cube_FW_F4_V1.27.1/Drivers/CMSIS/Include -O0 -ffunction-sections -fdata-sections -Wall -fstack-usage -MMD -MP -MF"Core/Src/main.d" -MT"Core/Src/main.o" --specs=nano.specs -mfpu=fpv4-sp-d16 -mfloat-abi=hard -mthumb -o "Core/Src/main.o"
../Core/Src/main.c: In function 'motor':
../Core/Src/main.c:804:14: warning: pointer targets in passing argument 1 of 'sprintf' differ in signedness [-Wpointer-sign]
  804 |      sprintf(hello, "Dir %c : %d\0", frontback, fb_speed - 48);
      |              ^~~~~
      |              |
      |              uint8_t * {aka unsigned char *}
In file included from ../Core/Src/main.c:28:
c:\st\stm32cubeide_1.7.0\stm32cubeide\plugins\com.st.stm32cube.ide.mcu.externaltools.gnu-tools-for-stm32.10.3-2021.10.win32_1.0.100.202210260954\tools\arm-none-eabi\include\stdio.h:244:14: note: expected 'char * restrict' but argument is of type 'uint8_t *' {aka 'unsigned char *'}
  244 | int sprintf (char *__restrict, const char *__restrict, ...)
      |              ^
../Core/Src/main.c:804:33: warning: embedded '\0' in format [-Wformat-contains-nul]
  804 |      sprintf(hello, "Dir %c : %d\0", frontback, fb_speed - 48);
      |                                 ^~
../Core/Src/main.c:807:14: warning: pointer targets in passing argument 1 of 'sprintf' differ in signedness [-Wpointer-sign]
  807 |      sprintf(hello, "Turn %c: %d\0", leftright, lr_speed - 48);
      |              ^~~~~
      |              |
      |              uint8_t * {aka unsigned char *}
In file included from ../Core/Src/main.c:28:
c:\st\stm32cubeide_1.7.0\stm32cubeide\plugins\com.st.stm32cube.ide.mcu.externaltools.gnu-tools-for-stm32.10.3-2021.10.win32_1.0.100.202210260954\tools\arm-none-eabi\include\stdio.h:244:14: note: expected 'char * restrict' but argument is of type 'uint8_t *' {aka 'unsigned char *'}
  244 | int sprintf (char *__restrict, const char *__restrict, ...)
      |              ^
../Core/Src/main.c:807:33: warning: embedded '\0' in format [-Wformat-contains-nul]
  807 |      sprintf(hello, "Turn %c: %d\0", leftright, lr_speed - 48);
      |                                 ^~
../Core/Src/main.c: In function 'encoder_task':
../Core/Src/main.c:969:12: warning: pointer targets in passing argument 1 of 'sprintf' differ in signedness [-Wpointer-sign]
  969 |    sprintf(msg, "Diff : %3d\0", encoder_offset);
      |            ^~~
      |            |
      |            uint8_t * {aka unsigned char *}
In file included from ../Core/Src/main.c:28:
c:\st\stm32cubeide_1.7.0\stm32cubeide\plugins\com.st.stm32cube.ide.mcu.externaltools.gnu-tools-for-stm32.10.3-2021.10.win32_1.0.100.202210260954\tools\arm-none-eabi\include\stdio.h:244:14: note: expected 'char * restrict' but argument is of type 'uint8_t *' {aka 'unsigned char *'}
  244 | int sprintf (char *__restrict, const char *__restrict, ...)
      |              ^
../Core/Src/main.c:969:28: warning: embedded '\0' in format [-Wformat-contains-nul]
  969 |    sprintf(msg, "Diff : %3d\0", encoder_offset);
      |                            ^~
../Core/Src/main.c: In function 'gyro_task':
../Core/Src/main.c:1016:13: warning: pointer targets in passing argument 1 of 'sprintf' differ in signedness [-Wpointer-sign]
 1016 |     sprintf(msg, "gyro : %3d\0", (int)curAngle);
      |             ^~~
      |             |
      |             uint8_t * {aka unsigned char *}
In file included from ../Core/Src/main.c:28:
c:\st\stm32cubeide_1.7.0\stm32cubeide\plugins\com.st.stm32cube.ide.mcu.externaltools.gnu-tools-for-stm32.10.3-2021.10.win32_1.0.100.202210260954\tools\arm-none-eabi\include\stdio.h:244:14: note: expected 'char * restrict' but argument is of type 'uint8_t *' {aka 'unsigned char *'}
  244 | int sprintf (char *__restrict, const char *__restrict, ...)
      |              ^
../Core/Src/main.c:1016:29: warning: embedded '\0' in format [-Wformat-contains-nul]
 1016 |     sprintf(msg, "gyro : %3d\0", (int)curAngle);
      |                             ^~
../Core/Src/main.c:1040:13: warning: pointer targets in passing argument 1 of 'sprintf' differ in signedness [-Wpointer-sign]
 1040 |     sprintf(msg, "gyro : %3d\0", (int)curAngle);
      |             ^~~
      |             |
      |             uint8_t * {aka unsigned char *}
In file included from ../Core/Src/main.c:28:
c:\st\stm32cubeide_1.7.0\stm32cubeide\plugins\com.st.stm32cube.ide.mcu.externaltools.gnu-tools-for-stm32.10.3-2021.10.win32_1.0.100.202210260954\tools\arm-none-eabi\include\stdio.h:244:14: note: expected 'char * restrict' but argument is of type 'uint8_t *' {aka 'unsigned char *'}
  244 | int sprintf (char *__restrict, const char *__restrict, ...)
      |              ^
../Core/Src/main.c:1040:29: warning: embedded '\0' in format [-Wformat-contains-nul]
 1040 |     sprintf(msg, "gyro : %3d\0", (int)curAngle);
      |                             ^~
../Core/Src/main.c:1040:26: warning: '%3d' directive writing between 3 and 11 bytes into a region of size 1 [-Wformat-overflow=]
 1040 |     sprintf(msg, "gyro : %3d\0", (int)curAngle);
      |                          ^~~
../Core/Src/main.c:1040:5: note: 'sprintf' output between 11 and 19 bytes into a destination of size 8
 1040 |     sprintf(msg, "gyro : %3d\0", (int)curAngle);
      |     ^~~~~~~~~~~~~~~~~~~~~~~~~~~~~~~~~~~~~~~~~~~
../Core/Src/main.c:1016:26: warning: '%3d' directive writing between 3 and 11 bytes into a region of size 1 [-Wformat-overflow=]
 1016 |     sprintf(msg, "gyro : %3d\0", (int)curAngle);
      |                          ^~~
../Core/Src/main.c:1016:5: note: 'sprintf' output between 11 and 19 bytes into a destination of size 8
 1016 |     sprintf(msg, "gyro : %3d\0", (int)curAngle);
      |     ^~~~~~~~~~~~~~~~~~~~~~~~~~~~~~~~~~~~~~~~~~~
arm-none-eabi-gcc -o "mdp_hardware.elf" @"objects.list"   -mcpu=cortex-m4 -T"C:\Users\kenne\STM32CubeIDE\MDP\mdp_hardware\STM32F407VETX_FLASH.ld" --specs=nosys.specs -Wl,-Map="mdp_hardware.map" -Wl,--gc-sections -static --specs=nano.specs -mfpu=fpv4-sp-d16 -mfloat-abi=hard -mthumb -Wl,--start-group -lc -lm -Wl,--end-group
Finished building target: mdp_hardware.elf
 
arm-none-eabi-size   mdp_hardware.elf 
arm-none-eabi-objdump -h -S  mdp_hardware.elf  > "mdp_hardware.list"
arm-none-eabi-objcopy  -O ihex  mdp_hardware.elf  "mdp_hardware.hex"
   text	   data	    bss	    dec	    hex	filename
  43308	    136	  21936	  65380	   ff64	mdp_hardware.elf
Finished building: default.size.stdout
 
Finished building: mdp_hardware.hex
 
Finished building: mdp_hardware.list
 
